# JRE version: OpenJDK Runtime Environment (18.0+36) (build 18+36-2087)
# Java VM: OpenJDK 64-Bit Server VM (18+36-2087, mixed mode, sharing, tiered, compressed oops, compressed class ptrs, g1 gc, windows-amd64)
GC Precious Log:
 CardTable entry size: 512
 Card Set container configuration: InlinePtr #cards 4 size 8 Array Of Cards #cards 32 size 80 Howl #buckets 8 coarsen threshold 7372 Howl Bitmap #cards 1024 size 144 coarsen threshold 921 Card regions per heap region 1 cards per card region 8192
 CPUs: 8 total, 8 available
 Memory: 32547M
 Large Page Support: Disabled
 NUMA Support: Disabled
 Compressed Oops: Enabled (Zero based)
 Heap Region Size: 4M
 Heap Min Capacity: 8M
 Heap Initial Capacity: 512M
 Heap Max Capacity: 8140M
 Pre-touch: Disabled
 Parallel Workers: 8
 Concurrent Workers: 2
 Concurrent Refinement Workers: 8
 Periodic GC: Disabled
Heap:
 garbage-first heap   total 299008K, used 99531K [0x0000000603400000, 0x0000000800000000)
  region size 4096K, 9 young (36864K), 5 survivors (20480K)
 Metaspace       used 88549K, committed 89152K, reserved 1179648K
  class space    used 11566K, committed 11840K, reserved 1048576K
GC Heap History (20 events):
Event: 10.565 GC heap before
{Heap before GC invocations=13 (full 0):
 garbage-first heap   total 81920K, used 56711K [0x0000000603400000, 0x0000000800000000)
  region size 4096K, 9 young (36864K), 2 survivors (8192K)
 Metaspace       used 52717K, committed 53184K, reserved 1114112K
  class space    used 6528K, committed 6720K, reserved 1048576K
}
Event: 10.571 GC heap after
{Heap after GC invocations=14 (full 0):
 garbage-first heap   total 81920K, used 30722K [0x0000000603400000, 0x0000000800000000)
  region size 4096K, 2 young (8192K), 2 survivors (8192K)
 Metaspace       used 52717K, committed 53184K, reserved 1114112K
  class space    used 6528K, committed 6720K, reserved 1048576K
}
Event: 10.978 GC heap before
{Heap before GC invocations=14 (full 0):
 garbage-first heap   total 81920K, used 59394K [0x0000000603400000, 0x0000000800000000)
  region size 4096K, 9 young (36864K), 2 survivors (8192K)
 Metaspace       used 57794K, committed 58304K, reserved 1114112K
  class space    used 7254K, committed 7488K, reserved 1048576K
}
Event: 10.984 GC heap after
{Heap after GC invocations=15 (full 0):
 garbage-first heap   total 303104K, used 31876K [0x0000000603400000, 0x0000000800000000)
  region size 4096K, 1 young (4096K), 1 survivors (4096K)
 Metaspace       used 57794K, committed 58304K, reserved 1114112K
  class space    used 7254K, committed 7488K, reserved 1048576K
}
Event: 11.102 GC heap before
{Heap before GC invocations=15 (full 0):
 garbage-first heap   total 303104K, used 40068K [0x0000000603400000, 0x0000000800000000)
  region size 4096K, 4 young (16384K), 1 survivors (4096K)
 Metaspace       used 59997K, committed 60480K, reserved 1114112K
  class space    used 7576K, committed 7808K, reserved 1048576K
}
Event: 11.104 GC heap after
{Heap after GC invocations=16 (full 0):
 garbage-first heap   total 303104K, used 32408K [0x0000000603400000, 0x0000000800000000)
  region size 4096K, 2 young (8192K), 2 survivors (8192K)
 Metaspace       used 59997K, committed 60480K, reserved 1114112K
  class space    used 7576K, committed 7808K, reserved 1048576K
}
Event: 11.939 GC heap before
{Heap before GC invocations=17 (full 0):
 garbage-first heap   total 139264K, used 106136K [0x0000000603400000, 0x0000000800000000)
  region size 4096K, 20 young (81920K), 2 survivors (8192K)
 Metaspace       used 73835K, committed 74368K, reserved 1114112K
  class space    used 9635K, committed 9920K, reserved 1048576K
}
Event: 11.942 GC heap after
{Heap after GC invocations=18 (full 0):
 garbage-first heap   total 139264K, used 35693K [0x0000000603400000, 0x0000000800000000)
  region size 4096K, 2 young (8192K), 2 survivors (8192K)
 Metaspace       used 73835K, committed 74368K, reserved 1114112K
  class space    used 9635K, committed 9920K, reserved 1048576K
}
Event: 11.948 GC heap before
{Heap before GC invocations=18 (full 0):
 garbage-first heap   total 139264K, used 39789K [0x0000000603400000, 0x0000000800000000)
  region size 4096K, 3 young (12288K), 2 survivors (8192K)
 Metaspace       used 73846K, committed 74432K, reserved 1114112K
  class space    used 9635K, committed 9920K, reserved 1048576K
}
Event: 11.952 GC heap after
{Heap after GC invocations=19 (full 0):
 garbage-first heap   total 139264K, used 35642K [0x0000000603400000, 0x0000000800000000)
  region size 4096K, 1 young (4096K), 1 survivors (4096K)
 Metaspace       used 73846K, committed 74432K, reserved 1114112K
  class space    used 9635K, committed 9920K, reserved 1048576K
}
Event: 12.368 GC heap before
{Heap before GC invocations=19 (full 0):
 garbage-first heap   total 139264K, used 105274K [0x0000000603400000, 0x0000000800000000)
  region size 4096K, 18 young (73728K), 1 survivors (4096K)
 Metaspace       used 79071K, committed 79680K, reserved 1179648K
  class space    used 10448K, committed 10752K, reserved 1048576K
}
Event: 12.370 GC heap after
{Heap after GC invocations=20 (full 0):
 garbage-first heap   total 139264K, used 37683K [0x0000000603400000, 0x0000000800000000)
  region size 4096K, 1 young (4096K), 1 survivors (4096K)
 Metaspace       used 79071K, committed 79680K, reserved 1179648K
  class space    used 10448K, committed 10752K, reserved 1048576K
}
Event: 12.955 GC heap before
{Heap before GC invocations=20 (full 0):
 garbage-first heap   total 139264K, used 107315K [0x0000000603400000, 0x0000000800000000)
  region size 4096K, 18 young (73728K), 1 survivors (4096K)
 Metaspace       used 87284K, committed 88000K, reserved 1179648K
  class space    used 11448K, committed 11776K, reserved 1048576K
}
Event: 12.960 GC heap after
{Heap after GC invocations=21 (full 0):
 garbage-first heap   total 139264K, used 42852K [0x0000000603400000, 0x0000000800000000)
  region size 4096K, 2 young (8192K), 2 survivors (8192K)
 Metaspace       used 87284K, committed 88000K, reserved 1179648K
  class space    used 11448K, committed 11776K, reserved 1048576K
}
Event: 13.076 GC heap before
{Heap before GC invocations=21 (full 0):
 garbage-first heap   total 139264K, used 104292K [0x0000000603400000, 0x0000000800000000)
  region size 4096K, 18 young (73728K), 2 survivors (8192K)
 Metaspace       used 87511K, committed 88128K, reserved 1179648K
  class space    used 11460K, committed 11776K, reserved 1048576K
}
Event: 13.091 GC heap after
{Heap after GC invocations=22 (full 0):
 garbage-first heap   total 139264K, used 57910K [0x0000000603400000, 0x0000000800000000)
  region size 4096K, 3 young (12288K), 3 survivors (12288K)
 Metaspace       used 87511K, committed 88128K, reserved 1179648K
  class space    used 11460K, committed 11776K, reserved 1048576K
}
Event: 13.183 GC heap before
{Heap before GC invocations=22 (full 0):
 garbage-first heap   total 139264K, used 94774K [0x0000000603400000, 0x0000000800000000)
  region size 4096K, 13 young (53248K), 3 survivors (12288K)
 Metaspace       used 87664K, committed 88256K, reserved 1179648K
  class space    used 11465K, committed 11776K, reserved 1048576K
}
Event: 13.191 GC heap after
{Heap after GC invocations=23 (full 0):
 garbage-first heap   total 299008K, used 66609K [0x0000000603400000, 0x0000000800000000)
  region size 4096K, 2 young (8192K), 2 survivors (8192K)
 Metaspace       used 87664K, committed 88256K, reserved 1179648K
  class space    used 11465K, committed 11776K, reserved 1048576K
}
Event: 13.417 GC heap before
{Heap before GC invocations=23 (full 0):
 garbage-first heap   total 299008K, used 218161K [0x0000000603400000, 0x0000000800000000)
  region size 4096K, 39 young (159744K), 2 survivors (8192K)
 Metaspace       used 87768K, committed 88384K, reserved 1179648K
  class space    used 11469K, committed 11776K, reserved 1048576K
}
Event: 13.425 GC heap after
{Heap after GC invocations=24 (full 0):
 garbage-first heap   total 299008K, used 87243K [0x0000000603400000, 0x0000000800000000)
  region size 4096K, 5 young (20480K), 5 survivors (20480K)
 Metaspace       used 87768K, committed 88384K, reserved 1179648K
  class space    used 11469K, committed 11776K, reserved 1048576K
}

